<?xml version="1.0" encoding="UTF-8"?>
<!-- Generated by org.testng.reporters.JUnitReportReporter -->
<testsuite skipped="0" hostname="welcome-PC" name="org.com.Sample" tests="1" failures="0" timestamp="12 Jan 2021 11:30:59 GMT" time="5.275" errors="0">
  <testcase name="testMethod" time="5.275" classname="org.com.Sample"/>
</testsuite> <!-- org.com.Sample -->
